[11:16:30] Trying to access invalid route: /favicon.ico
[11:16:41] Trying to access invalid route: /favicon.ico
[11:17:02] Trying to access invalid route: /favicon.ico
[11:31:59] Trying to access invalid route: /favicon.ico
[11:54:18] Trying to access invalid route: /favicon.ico
[11:54:24] Trying to access invalid route: /favicon.ico
[11:54:55] Trying to access invalid route: /favicon.ico
[12:01:03] Trying to access invalid route: /favicon.ico
[12:01:11] Trying to access invalid route: /favicon.ico
[12:04:11] Trying to access invalid route: /favicon.ico
[12:04:22] Trying to access invalid route: /favicon.ico
[12:10:30] Trying to access invalid route: /person/3/%C5%82ukasz/bulicz
[12:10:30] Trying to access invalid route: /favicon.ico
[12:11:52] Trying to access invalid route: /favicon.ico
[12:12:25] Trying to access invalid route: /person/1
[12:12:25] Trying to access invalid route: /favicon.ico
[12:13:30] Trying to access invalid route: /favicon.ico
[12:13:39] Trying to access invalid route: /favicon.ico
[12:13:41] Trying to access invalid route: /favicon.ico
[12:13:45] Trying to access invalid route: /favicon.ico
[12:14:39] Trying to access invalid route: /favicon.ico
[12:14:50] Trying to access invalid route: /favicon.ico
[12:15:05] Trying to access invalid route: /favicon.ico
[12:15:08] Trying to access invalid route: /favicon.ico
[12:15:12] Trying to access invalid route: /favicon.ico
[12:15:21] Trying to access invalid route: /favicon.ico
[12:15:25] Trying to access invalid route: /favicon.ico
[12:17:40] Trying to access invalid route: /favicon.ico
[12:17:43] Trying to access invalid route: /favicon.ico
[12:42:53] Trying to access invalid route: /favicon.ico
[13:30:38] Trying to access invalid route: /favicon.ico
[13:37:12] Trying to access invalid route: /favicon.ico
[13:37:47] Trying to access invalid route: /favicon.ico
[13:41:14] Trying to access invalid route: /favicon.ico
[14:06:53] Trying to access invalid route: /favicon.ico
[14:15:04] Trying to access invalid route: /favicon.ico
[14:15:11] Trying to access invalid route: /favicon.ico
[14:23:35] Trying to access invalid route: /favicon.ico
[14:23:50] Trying to access invalid route: /favicon.ico
[14:24:49] Trying to access invalid route: /favicon.ico
[14:28:38] Trying to access invalid route: /favicon.ico
[14:41:23] Trying to access invalid route: /favicon.ico
[14:44:31] Trying to access invalid route: /favicon.ico
[14:52:43] Trying to access invalid route: /favicon.ico
[14:54:00] Trying to access invalid route: /favicon.ico
[14:54:30] Trying to access invalid route: /favicon.ico
[15:01:21] Trying to access invalid route: /favicon.ico
[15:03:18] Trying to access invalid route: /favicon.ico
[15:03:29] Trying to access invalid route: /favicon.ico
[15:03:47] Trying to access invalid route: /favicon.ico
[15:20:02] Trying to access invalid route: /favicon.ico
[15:28:30] Trying to access invalid route: /favicon.ico
[15:29:11] Trying to access invalid route: /favicon.ico
[15:29:27] Trying to access invalid route: /favicon.ico
[15:29:59] Trying to access invalid route: /favicon.ico
[16:55:30] Trying to access invalid route: /favicon.ico
[16:56:03] Trying to access invalid route: /favicon.ico
[16:56:20] Trying to access invalid route: /favicon.ico
[16:56:28] Trying to access invalid route: /favicon.ico
[16:56:57] Trying to access invalid route: /favicon.ico
[16:57:09] Trying to access invalid route: /favicon.ico
[16:57:42] Trying to access invalid route: /favicon.ico
[16:57:52] Trying to access invalid route: /favicon.ico
[16:59:01] Trying to access invalid route: /favicon.ico
[17:02:08] Trying to access invalid route: /favicon.ico
[17:32:01] Trying to access invalid route: /favicon.ico
[17:32:15] Trying to access invalid route: /favicon.ico
[17:39:04] Trying to access invalid route: /favicon.ico
[17:41:57] Trying to access invalid route: /favicon.ico
[17:44:24] Trying to access invalid route: /favicon.ico
[17:44:41] Trying to access invalid route: /favicon.ico
[17:44:58] Trying to access invalid route: /favicon.ico
[17:45:37] Trying to access invalid route: /favicon.ico
[17:45:48] Trying to access invalid route: /favicon.ico
[17:46:06] Trying to access invalid route: /favicon.ico
[17:55:02] Trying to access invalid route: /favicon.ico
[18:24:34] Trying to access invalid route: /favicon.ico
[18:27:55] Trying to access invalid route: /favicon.ico
[18:32:40] test message
[18:32:40] Trying to access invalid route: /test
[18:32:40] Trying to access invalid route: /blog
[18:33:49] test message
[18:33:49] Trying to access invalid route: /test
[18:33:49] Trying to access invalid route: /test
[18:34:03] test message
[18:34:03] Trying to access invalid route: /test
[18:34:03] Trying to access invalid route: /test
[18:34:55] test message
[18:34:55] Trying to access invalid route: /test
[18:36:46] test message
[18:36:46] Trying to access invalid route: /test
[18:36:46] Trying to access invalid route: /test
[18:36:46] Trying to access invalid route: /test
[18:36:57] test message
[18:36:57] Trying to access invalid route: /test
[18:36:57] Trying to access invalid route: /test
[18:47:45] Trying to access invalid route: /favicon.ico
[18:47:49] Trying to access invalid route: /asd
[18:47:49] Trying to access invalid route: /favicon.ico
[18:47:55] Trying to access invalid route: /favicon.ico
[18:48:08] Trying to access invalid route: /favicon.ico
[18:48:12] Trying to access invalid route: /testasd
[18:48:12] Trying to access invalid route: /favicon.ico
[18:51:03] Trying to access invalid route: /fowihuqef
[18:51:03] Trying to access invalid route: /favicon.ico
[18:51:16] Trying to access invalid route: /fowihuqef
[18:51:16] Trying to access invalid route: /favicon.ico
[18:55:52] test message
[18:55:52] Trying to access invalid route: /test
[18:55:52] Trying to access invalid route: /test
[19:00:30] test message
[19:00:30] Trying to access invalid route: 
[19:00:30] Trying to access invalid route: /test
[19:00:30] Trying to access invalid route: /test
[19:10:31] test message
[19:10:31] Trying to access invalid route: 
[19:10:31] Trying to access invalid route: 
[19:10:31] Trying to access invalid route: /test
[19:10:31] Trying to access invalid route: /test
[19:11:12] test message
[19:11:12] Trying to access invalid route: 
[19:11:12] Trying to access invalid route: 
[19:11:12] Trying to access invalid route: /test
[19:11:12] Trying to access invalid route: /test
[19:12:53] test message
[19:12:53] Trying to access invalid route: 
[19:12:53] Trying to access invalid route: 
[19:12:53] Trying to access invalid route: 
[19:12:53] Trying to access invalid route: /test
[19:12:53] Trying to access invalid route: /test
[19:13:36] test message
[19:13:36] Trying to access invalid route: 
[19:13:36] Trying to access invalid route: 
[19:13:36] Trying to access invalid route: 
[19:13:36] Trying to access invalid route: 
[19:13:36] Trying to access invalid route: /test
[19:13:36] Trying to access invalid route: /test
[19:15:35] test message
[19:15:35] Trying to access invalid route: 
[19:15:35] Trying to access invalid route: 
[19:15:35] Trying to access invalid route: 
[19:15:35] Trying to access invalid route: 
[19:15:35] Trying to access invalid route: /test
[19:15:35] Trying to access invalid route: /test
[19:19:46] test message
[19:19:46] Trying to access invalid route: 
[19:19:46] Trying to access invalid route: 
[19:19:46] Trying to access invalid route: 
[19:19:46] Trying to access invalid route: 
[19:19:46] Trying to access invalid route: 
[19:19:46] Trying to access invalid route: /test
[19:19:46] Trying to access invalid route: /test
[19:20:39] test message
[19:20:39] Trying to access invalid route: 
[19:20:39] Trying to access invalid route: 
[19:20:39] Trying to access invalid route: 
[19:20:39] Trying to access invalid route: /test
[19:20:39] Trying to access invalid route: 
[19:20:39] Trying to access invalid route: /test
[19:20:39] Trying to access invalid route: /test
[19:22:16] test message
[19:22:16] Trying to access invalid route: 
[19:22:16] Trying to access invalid route: 
[19:22:16] Trying to access invalid route: 
[19:22:16] Trying to access invalid route: /test
[19:22:16] Trying to access invalid route: 
[19:22:16] Trying to access invalid route: 
[19:22:16] Trying to access invalid route: /test
[19:22:16] Trying to access invalid route: 
[19:22:16] Trying to access invalid route: /test
[19:22:16] Trying to access invalid route: /test
[19:40:23] test message
[19:40:23] Trying to access invalid route: 
[19:40:23] Trying to access invalid route: 
[19:40:23] Trying to access invalid route: 
[19:40:23] Trying to access invalid route: /test
[19:40:23] Trying to access invalid route: 
[19:40:23] Trying to access invalid route: 
[19:40:23] Trying to access invalid route: /test
[19:40:23] Trying to access invalid route: 
[19:40:23] Trying to access invalid route: /test
[19:40:23] Trying to access invalid route: /test
[19:49:15] test message
[19:49:15] Trying to access invalid route: 
[19:49:15] Trying to access invalid route: 
[19:49:15] Trying to access invalid route: 
[19:49:15] Trying to access invalid route: /test
[19:49:15] Trying to access invalid route: 
[19:49:15] Trying to access invalid route: 
[19:49:15] Trying to access invalid route: /test
[19:49:15] Trying to access invalid route: 
[19:49:15] Trying to access invalid route: /test
[19:49:15] Trying to access invalid route: /test
[19:56:05] test message
[19:56:05] Trying to access invalid route: 
[19:56:05] Trying to access invalid route: 
[19:56:05] Trying to access invalid route: 
[19:56:05] Trying to access invalid route: /test
[19:56:05] Trying to access invalid route: 
[19:56:05] Trying to access invalid route: 
[19:56:05] Trying to access invalid route: /test
[19:56:05] Trying to access invalid route: 
[19:56:05] Trying to access invalid route: /test
[19:56:05] Trying to access invalid route: /test
