[00:18:30] test message
[00:18:30] Trying to access invalid route: 
[00:18:30] Trying to access invalid route: 
[00:18:31] Trying to access invalid route: 
[00:18:31] Trying to access invalid route: /test
[00:18:31] Trying to access invalid route: 
[00:18:31] Trying to access invalid route: 
[00:18:31] Trying to access invalid route: /test
[00:18:31] Trying to access invalid route: 
[00:18:31] Trying to access invalid route: /test
[00:18:31] Trying to access invalid route: /test
[00:46:02] Trying to access invalid route: /favicon.ico
[00:46:26] Trying to access invalid route: /favicon.ico
[00:47:03] Trying to access invalid route: /favicon.ico
[00:47:20] Trying to access invalid route: /favicon.ico
[00:48:00] Trying to access invalid route: /favicon.ico
[00:48:07] Trying to access invalid route: /favicon.ico
[12:36:33] Trying to access invalid route: /favicon.ico
[12:37:30] Trying to access invalid route: /favicon.ico
[12:38:21] Trying to access invalid route: /favicon.ico
[12:39:05] Trying to access invalid route: /favicon.ico
[12:40:35] Trying to access invalid route: /favicon.ico
[12:40:48] Trying to access invalid route: /favicon.ico
[12:40:53] Trying to access invalid route: /favicon.ico
[12:43:50] Trying to access invalid route: /favicon.ico
[12:48:58] Trying to access invalid route: /favicon.ico
[12:51:09] Trying to access invalid route: /favicon.ico
[12:51:13] Trying to access invalid route: /favicon.ico
[12:59:35] Trying to access invalid route: /favicon.ico
[17:34:36] Trying to access invalid route: /favicon.ico
[18:27:34] Trying to access invalid route: /favicon.ico
[18:27:47] Trying to access invalid route: /favicon.ico
[18:28:46] Trying to access invalid route: /favicon.ico
[18:30:29] Trying to access invalid route: /favicon.ico
[18:30:30] Trying to access invalid route: /favicon.ico
[18:32:54] Trying to access invalid route: /favicon.ico
[18:33:24] Trying to access invalid route: /assets/styles/app.css
[18:33:24] Trying to access invalid route: /favicon.ico
[18:33:29] Trying to access invalid route: /favicon.ico
[18:33:36] Trying to access invalid route: /favicon.ico
[18:33:43] Trying to access invalid route: /favicon.ico
[18:35:45] Trying to access invalid route: /favicon.ico
[18:35:54] Trying to access invalid route: /favicon.ico
[18:38:22] Trying to access invalid route: /favicon.ico
[18:53:40] Trying to access invalid route: /favicon.ico
[18:56:36] Trying to access invalid route: /favicon.ico
[19:19:33] test message
[19:19:33] Trying to access invalid route: 
[19:19:33] Trying to access invalid route: 
[19:19:33] Trying to access invalid route: 
[19:19:33] Trying to access invalid route: /test
[19:19:33] Trying to access invalid route: 
[19:19:33] Trying to access invalid route: 
[19:19:33] Trying to access invalid route: /test
[19:19:33] Trying to access invalid route: 
[19:19:33] Trying to access invalid route: /test
[19:19:33] Trying to access invalid route: /test
[19:28:42] Trying to access invalid route: /favicon.ico
[22:17:13] Trying to access invalid route: /favicon.ico
[22:20:36] test message
[22:20:36] Trying to access invalid route: 
[22:20:36] Trying to access invalid route: 
[22:20:36] Trying to access invalid route: 
[22:20:36] Trying to access invalid route: /test
[22:20:36] Trying to access invalid route: 
[22:20:36] Trying to access invalid route: 
[22:20:36] Trying to access invalid route: /test
[22:20:36] Trying to access invalid route: 
[22:20:36] Trying to access invalid route: /test
[22:20:36] Trying to access invalid route: /test
[22:20:51] test message
[22:20:51] Trying to access invalid route: 
[22:20:51] Trying to access invalid route: 
[22:20:51] Trying to access invalid route: 
[22:20:51] Trying to access invalid route: /test
[22:20:51] Trying to access invalid route: 
[22:20:51] Trying to access invalid route: 
[22:20:51] Trying to access invalid route: /test
[22:20:51] Trying to access invalid route: 
[22:20:52] Trying to access invalid route: /test
[22:21:15] test message
[22:21:15] Trying to access invalid route: 
[22:21:15] Trying to access invalid route: 
[22:21:15] Trying to access invalid route: 
[22:21:15] Trying to access invalid route: /test
[22:21:15] Trying to access invalid route: 
[22:21:15] Trying to access invalid route: 
[22:21:15] Trying to access invalid route: /test
[22:21:15] Trying to access invalid route: 
[22:21:15] Trying to access invalid route: /test
[22:21:15] Trying to access invalid route: /test
[22:22:20] Trying to access invalid route: /qiwhd
[22:22:20] Trying to access invalid route: /favicon.ico
