[12:33:48] test message
[12:33:48] Trying to access invalid route: /blog
[22:41:00] Trying to access invalid route: /favicon.ico
[22:41:03] Trying to access invalid route: /favicon.ico
[22:42:03] Trying to access invalid route: /favicon.ico
[22:44:06] Trying to access invalid route: /favicon.ico
[22:44:30] Trying to access invalid route: /favicon.ico
[22:55:11] Trying to access invalid route: /favicon.ico
[22:55:20] Trying to access invalid route: /favicon.ico
[22:56:13] Trying to access invalid route: /favicon.ico
[22:56:24] Trying to access invalid route: /favicon.ico
[22:56:44] Trying to access invalid route: /favicon.ico
[22:56:53] Trying to access invalid route: /favicon.ico
[22:57:23] Trying to access invalid route: /favicon.ico
[22:57:54] Trying to access invalid route: /favicon.ico
[22:57:57] Trying to access invalid route: /favicon.ico
[22:58:01] Trying to access invalid route: /favicon.ico
[22:58:03] Trying to access invalid route: /favicon.ico
[23:04:27] Trying to access invalid route: /favicon.ico
[23:05:01] Trying to access invalid route: /favicon.ico
[23:05:02] Trying to access invalid route: /favicon.ico
[23:05:20] Trying to access invalid route: /favicon.ico
[23:13:38] Trying to access invalid route: /assets/styles/app.css
[23:13:38] Trying to access invalid route: /favicon.ico
[23:14:09] Trying to access invalid route: /assets/styles/app.css
[23:14:09] Trying to access invalid route: /favicon.ico
[23:14:11] Trying to access invalid route: /favicon.ico
[23:14:39] Trying to access invalid route: /favicon.ico
[23:15:25] Trying to access invalid route: /favicon.ico
[23:15:27] Trying to access invalid route: /favicon.ico
[23:15:59] Trying to access invalid route: /favicon.ico
[23:16:01] Trying to access invalid route: /favicon.ico
[23:16:13] Trying to access invalid route: /favicon.ico
[23:16:53] Trying to access invalid route: /favicon.ico
[23:17:33] Trying to access invalid route: /public/assets/styles/app.css
[23:17:33] Trying to access invalid route: /favicon.ico
[23:18:09] Trying to access invalid route: /public/assets/styles/app.css
[23:18:09] Trying to access invalid route: /favicon.ico
[23:18:44] Trying to access invalid route: /public/assets/styles/app.css
[23:18:44] Trying to access invalid route: /favicon.ico
[23:18:55] Trying to access invalid route: /public/assets/styles/app.css
[23:18:55] Trying to access invalid route: /favicon.ico
[23:19:47] Trying to access invalid route: /composer.lock
[23:19:47] Trying to access invalid route: /favicon.ico
[23:20:04] Trying to access invalid route: /config/public_example_file.txt
[23:20:16] Trying to access invalid route: /config/public_example_file.txt
[23:20:44] Trying to access invalid route: /composer.lock
[23:20:44] Trying to access invalid route: /favicon.ico
[23:20:52] Trying to access invalid route: //config/public_example_file.txt/
[23:20:52] Trying to access invalid route: /favicon.ico
[23:20:56] Trying to access invalid route: /favicon.ico
